<?xml version="1.0" encoding="UTF-8"?>
<!-- Generated by org.testng.reporters.JUnitReportReporter -->
<testsuite skipped="0" hostname="mche.local" name="testng_Files.BeforeTest_AfterTest_Annotation" tests="2" failures="0" timestamp="06 Sep 2017 18:44:27 GMT" time="0.004" errors="0">
  <testcase name="booking" time="0.002" classname="testng_Files.BeforeTest_AfterTest_Annotation"/>
  <testcase name="openingchrome" time="0.002" classname="testng_Files.BeforeTest_AfterTest_Annotation"/>
</testsuite> <!-- testng_Files.BeforeTest_AfterTest_Annotation -->
