<?xml version="1.0" encoding="UTF-8"?>
<!-- Generated by org.testng.reporters.JUnitReportReporter -->
<testsuite skipped="0" hostname="mche.local" name="Test_Package4.BeforeTest_AfterTest_Annotation" tests="2" failures="0" timestamp="06 Sep 2017 18:44:27 GMT" time="0.007" errors="0">
  <testcase name="openingchrome" time="0.004" classname="Test_Package4.BeforeTest_AfterTest_Annotation"/>
  <testcase name="booking" time="0.003" classname="Test_Package4.BeforeTest_AfterTest_Annotation"/>
</testsuite> <!-- Test_Package4.BeforeTest_AfterTest_Annotation -->
