<?xml version="1.0" encoding="UTF-8"?>
<!-- Generated by org.testng.reporters.JUnitReportReporter -->
<testsuite skipped="0" hostname="mche.local" name="testng_Files.BeforeSuite_AfterSuite" tests="2" failures="0" timestamp="06 Sep 2017 18:44:27 GMT" time="0.004" errors="0">
  <testcase name="test1" time="0.001" classname="testng_Files.BeforeSuite_AfterSuite"/>
  <testcase name="test2" time="0.003" classname="testng_Files.BeforeSuite_AfterSuite"/>
</testsuite> <!-- testng_Files.BeforeSuite_AfterSuite -->
