<?xml version="1.0" encoding="UTF-8"?>
<!-- Generated by org.testng.reporters.JUnitReportReporter -->
<testsuite skipped="0" hostname="mche.local" name="testng_Files.BeforeMethod_AfterMethod_Annotation" tests="3" failures="0" timestamp="06 Sep 2017 18:44:27 GMT" time="0.022" errors="0">
  <testcase name="Booking" time="0.012" classname="testng_Files.BeforeMethod_AfterMethod_Annotation"/>
  <testcase name="OpeningBrowser" time="0.001" classname="testng_Files.BeforeMethod_AfterMethod_Annotation"/>
  <testcase name="Cancel" time="0.009" classname="testng_Files.BeforeMethod_AfterMethod_Annotation"/>
</testsuite> <!-- testng_Files.BeforeMethod_AfterMethod_Annotation -->
