<?xml version="1.0" encoding="UTF-8"?>
<!-- Generated by org.testng.reporters.JUnitReportReporter -->
<testsuite skipped="0" hostname="mche.local" name="testng_file.Annotations" tests="2" failures="0" timestamp="06 Sep 2017 15:03:46 GMT" time="0.024" errors="0">
  <testcase name="Aopeningchrome" time="0.015" classname="testng_file.Annotations"/>
  <testcase name="booking" time="0.009" classname="testng_file.Annotations"/>
</testsuite> <!-- testng_file.Annotations -->
