<?xml version="1.0" encoding="UTF-8"?>
<!-- Generated by org.testng.reporters.JUnitReportReporter -->
<testsuite skipped="0" hostname="mche.local" name="testng_file.Test_Annotation" tests="2" failures="0" timestamp="06 Sep 2017 18:09:00 GMT" time="0.004" errors="0">
  <testcase name="Aopeningchrome" time="0.001" classname="testng_file.Test_Annotation"/>
  <testcase name="booking" time="0.003" classname="testng_file.Test_Annotation"/>
</testsuite> <!-- testng_file.Test_Annotation -->
