<?xml version="1.0" encoding="UTF-8"?>
<!-- Generated by org.testng.reporters.JUnitReportReporter -->
<testsuite skipped="0" hostname="mche.local" name="testng_file.BeforeMethod_AfterMethod_Annotation" tests="3" failures="0" timestamp="06 Sep 2017 18:09:01 GMT" time="0.008" errors="0">
  <testcase name="OpeningBrowser" time="0.003" classname="testng_file.BeforeMethod_AfterMethod_Annotation"/>
  <testcase name="Booking" time="0.003" classname="testng_file.BeforeMethod_AfterMethod_Annotation"/>
  <testcase name="Cancel" time="0.002" classname="testng_file.BeforeMethod_AfterMethod_Annotation"/>
</testsuite> <!-- testng_file.BeforeMethod_AfterMethod_Annotation -->
