<?xml version="1.0" encoding="UTF-8"?>
<!-- Generated by org.testng.reporters.JUnitReportReporter -->
<testsuite skipped="0" hostname="mche.local" name="Test_Package4.Test_Annotation" tests="2" failures="0" timestamp="06 Sep 2017 18:44:27 GMT" time="0.003" errors="0">
  <testcase name="booking" time="0.001" classname="Test_Package4.Test_Annotation"/>
  <testcase name="Aopeningchrome" time="0.002" classname="Test_Package4.Test_Annotation"/>
</testsuite> <!-- Test_Package4.Test_Annotation -->
