<?xml version="1.0" encoding="UTF-8"?>
<!-- Generated by org.testng.reporters.JUnitReportReporter -->
<testsuite skipped="0" hostname="mche.local" name="testng_file.BeforeTest_Annotation" tests="1" failures="0" timestamp="06 Sep 2017 16:42:57 GMT" time="0.008" errors="0">
  <testcase name="openingchrome" time="0.008" classname="testng_file.BeforeTest_Annotation"/>
</testsuite> <!-- testng_file.BeforeTest_Annotation -->
